<?xml version="1.0" encoding="UTF-8"?>
<!-- Generated by org.testng.reporters.JUnitReportReporter -->
<testsuite hostname="LAPTOP-L1FP8PI3" failures="0" tests="6" name="org.dwsapp.allproductstest.ProductTest" time="25.244" errors="0" timestamp="2025-11-25T16:26:51 IST" skipped="5">
  <testcase classname="org.dwsapp.allproductstest.ProductTest" name="verifyDesktop" time="25.244">
    <system-out>
      <![CDATA[search box is displayed and enabled :) 
search button is active
computer-Added to cart succesfully
shopping cart is displayed and enabled :) 
ticked checkbox
CheckOut button is clicked succesfully :) 
Your order has been successfully processed!]]>
    </system-out>
  </testcase> <!-- verifyDesktop -->
  <testcase classname="org.dwsapp.allproductstest.ProductTest" name="verifyNotebook">
    <skipped/>
  </testcase> <!-- verifyNotebook -->
  <testcase classname="org.dwsapp.allproductstest.ProductTest" name="verifyAccessories">
    <skipped/>
  </testcase> <!-- verifyAccessories -->
  <testcase classname="org.dwsapp.allproductstest.ProductTest" name="verifyCellphone">
    <skipped/>
  </testcase> <!-- verifyCellphone -->
  <testcase classname="org.dwsapp.allproductstest.ProductTest" name="verifyHealthBook">
    <skipped/>
  </testcase> <!-- verifyHealthBook -->
  <testcase classname="org.dwsapp.allproductstest.ProductTest" name="verifyCameraAndPhoto">
    <skipped/>
  </testcase> <!-- verifyCameraAndPhoto -->
  <system-out>
    <![CDATA[https://demowebshop.tricentis.com/
Chrome
Browser setup success
login
search box is displayed and enabled :) 
search button is active
computer-Added to cart succesfully
shopping cart is displayed and enabled :) 
ticked checkbox
CheckOut button is clicked succesfully :) 
Your order has been successfully processed!
logOut
Browser Terminated Successfully
Browser closed]]>
  </system-out>
</testsuite> <!-- org.dwsapp.allproductstest.ProductTest -->
