<?xml version="1.0" encoding="UTF-8"?>
<!-- Generated by org.testng.reporters.JUnitReportReporter -->
<testsuite hostname="LAPTOP-L1FP8PI3" failures="0" tests="3" name="org.dwsapp.producttest.ComputerTest" time="12.349" errors="0" timestamp="2025-11-21T18:55:18 IST" skipped="0">
  <testcase classname="org.dwsapp.producttest.ComputerTest" name="verifyNotebook" time="3.197">
    <system-out>
      <![CDATA[Computer-Notebook product Verified]]>
    </system-out>
  </testcase> <!-- verifyNotebook -->
  <testcase classname="org.dwsapp.producttest.ComputerTest" name="verifyDesktop" time="6.160">
    <system-out>
      <![CDATA[computer-Added to cart succesfully]]>
    </system-out>
  </testcase> <!-- verifyDesktop -->
  <testcase classname="org.dwsapp.producttest.ComputerTest" name="verifyAccessories" time="2.992">
    <system-out>
      <![CDATA[Computer-Accessories product Verified]]>
    </system-out>
  </testcase> <!-- verifyAccessories -->
  <system-out>
    <![CDATA[https://demowebshop.tricentis.com/
Chrome
Browser setup success
login
Computer-Notebook product Verified
logOut
login
computer-Added to cart succesfully
logOut
login
Computer-Accessories product Verified
logOut
Browser Terminated Successfully
Browser closed
https://demowebshop.tricentis.com/
Chrome
Browser setup success
login
screenshot taken succesfully
logOut
Browser Terminated Successfully
Browser closed
https://demowebshop.tricentis.com/
Chrome
Browser setup success
login
screenshot taken succesfully
logOut
login
screenshot taken succesfully
logOut
Browser Terminated Successfully
Browser closed]]>
  </system-out>
</testsuite> <!-- org.dwsapp.producttest.ComputerTest -->
