<?xml version="1.0" encoding="UTF-8"?>
<!-- Generated by org.testng.reporters.JUnitXMLReporter -->
<testsuite ignored="5" hostname="LAPTOP-L1FP8PI3" failures="0" tests="1" name="Test" time="35.525" errors="0" timestamp="2025-11-25T16:26:51 IST">
  <testcase classname="org.dwsapp.allproductstest.ProductTest" name="verifyDesktop" time="20.084"/>
  <testcase classname="org.dwsapp.allproductstest.ProductTest" name="verifyNotebook" time="0.0">
    <ignored/>
  </testcase> <!-- verifyNotebook -->
  <testcase classname="org.dwsapp.allproductstest.ProductTest" name="verifyAccessories" time="0.0">
    <ignored/>
  </testcase> <!-- verifyAccessories -->
  <testcase classname="org.dwsapp.allproductstest.ProductTest" name="verifyCellphone" time="0.0">
    <ignored/>
  </testcase> <!-- verifyCellphone -->
  <testcase classname="org.dwsapp.allproductstest.ProductTest" name="verifyHealthBook" time="0.0">
    <ignored/>
  </testcase> <!-- verifyHealthBook -->
  <testcase classname="org.dwsapp.allproductstest.ProductTest" name="verifyCameraAndPhoto" time="0.0">
    <ignored/>
  </testcase> <!-- verifyCameraAndPhoto -->
</testsuite> <!-- Test -->
