<?xml version="1.0" encoding="UTF-8"?>
<!-- Generated by org.testng.reporters.JUnitXMLReporter -->
<testsuite ignored="0" hostname="LAPTOP-L1FP8PI3" failures="0" tests="6" name="asiTest" time="220.914" errors="0" timestamp="2025-11-29T17:17:32 IST">
  <testcase classname="org.dwsapp.allproductstest.ProductTest" name="verifyHealthBook" time="25.002"/>
  <testcase classname="org.dwsapp.allproductstest.ProductTest" name="verifyDesktop" time="26.8"/>
  <testcase classname="org.dwsapp.allproductstest.ProductTest" name="verifyNoteBook" time="20.527"/>
  <testcase classname="org.dwsapp.allproductstest.ProductTest" name="verifyAccessories" time="44.157"/>
  <testcase classname="org.dwsapp.allproductstest.ProductTest" name="verifyCameraAndPhoto" time="33.67"/>
  <testcase classname="org.dwsapp.allproductstest.ProductTest" name="verifyCellPhones" time="27.948"/>
</testsuite> <!-- asiTest -->
